2019-09-26 3:35:57 PM, Info: Initializing SIMPLSharp Services...
2019-09-26 3:35:57 PM, Info: ProjectInfo successfully initialized.
2019-09-26 3:40:54 PM, Info: Saving project information...
2019-09-26 3:40:54 PM, Info: Saving project information...
2019-09-26 3:40:54 PM, Info: Saving project information...
2019-09-26 3:41:50 PM, Info: Saving project information...
2019-09-26 3:41:50 PM, Info: Saving project information...
2019-09-26 3:41:50 PM, Info: Saving project information...
2019-09-26 3:41:50 PM, Info: Saving project information...
2019-09-26 3:41:50 PM, Info: Saving project information...
2019-09-26 3:41:50 PM, Info: Saving project information...
2019-09-26 3:43:08 PM, Info: Validating assembly C:\Users\aknous\PROJECTS\Wharton\SLN404-ClassroomOSv4\SLN404-CLS.Plugins\LutronQuantum.EPI\PDT.LutronQuantum.EPI\bin\Debug\PDT.LutronQuantum.EPI.dll...
2019-09-26 3:43:08 PM, Info: Verifying assembly C:\Users\aknous\PROJECTS\Wharton\SLN404-ClassroomOSv4\SLN404-CLS.Plugins\LutronQuantum.EPI\PDT.LutronQuantum.EPI\bin\Debug\PDT.LutronQuantum.EPI.dll
2019-09-26 3:43:08 PM, Info: Creating Archive C:\Users\aknous\PROJECTS\Wharton\SLN404-ClassroomOSv4\SLN404-CLS.Plugins\LutronQuantum.EPI\PDT.LutronQuantum.EPI\bin\Debug\PDT.LutronQuantum.EPI.cplz...
2019-09-26 3:43:09 PM, Info: Saving project information...
2019-09-26 6:43:28 PM, Info: Validating assembly C:\Users\aknous\PROJECTS\Wharton\SLN404-ClassroomOSv4\SLN404-CLS.Plugins\LutronQuantum.EPI\EssentialsBuilds\Essentials Devices Common.dll...
2019-09-26 6:45:54 PM, Info: Saving project information...
2019-09-26 6:45:54 PM, Info: Saving project information...
2019-09-26 6:45:54 PM, Info: Saving project information...
2019-09-26 6:50:54 PM, Info: Saving project information...
2019-09-26 6:50:54 PM, Info: Saving project information...
2019-09-26 6:50:54 PM, Info: Saving project information...
2019-09-26 6:54:22 PM, Info: Saving project information...
2019-09-26 6:54:22 PM, Info: Saving project information...
2019-09-26 6:54:22 PM, Info: Saving project information...
2019-09-26 6:54:22 PM, Info: Saving project information...
2019-09-26 6:54:22 PM, Info: Saving project information...
2019-09-26 6:54:22 PM, Info: Saving project information...
2019-09-26 6:54:23 PM, Info: Validating assembly C:\Users\aknous\PROJECTS\Wharton\SLN404-ClassroomOSv4\SLN404-CLS.Plugins\LutronQuantum.EPI\PDT.LutronQuantum.EPI\bin\Debug\PDT.LutronQuantum.EPI.dll...
2019-09-26 6:54:23 PM, Info: Verifying assembly C:\Users\aknous\PROJECTS\Wharton\SLN404-ClassroomOSv4\SLN404-CLS.Plugins\LutronQuantum.EPI\PDT.LutronQuantum.EPI\bin\Debug\PDT.LutronQuantum.EPI.dll
2019-09-26 6:54:23 PM, Info: Creating Archive C:\Users\aknous\PROJECTS\Wharton\SLN404-ClassroomOSv4\SLN404-CLS.Plugins\LutronQuantum.EPI\PDT.LutronQuantum.EPI\bin\Debug\PDT.LutronQuantum.EPI.cplz...
2019-09-26 6:54:24 PM, Info: Saving project information...
2019-09-26 6:54:34 PM, Info: Validating assembly C:\Users\aknous\PROJECTS\Wharton\SLN404-ClassroomOSv4\SLN404-CLS.Plugins\LutronQuantum.EPI\PDT.LutronQuantum.EPI\bin\Debug\PDT.LutronQuantum.EPI.dll...
2019-09-26 6:54:34 PM, Info: Verifying assembly C:\Users\aknous\PROJECTS\Wharton\SLN404-ClassroomOSv4\SLN404-CLS.Plugins\LutronQuantum.EPI\PDT.LutronQuantum.EPI\bin\Debug\PDT.LutronQuantum.EPI.dll
2019-09-26 6:54:34 PM, Info: Creating Archive C:\Users\aknous\PROJECTS\Wharton\SLN404-ClassroomOSv4\SLN404-CLS.Plugins\LutronQuantum.EPI\PDT.LutronQuantum.EPI\bin\Debug\PDT.LutronQuantum.EPI.cplz...
2019-09-26 6:54:35 PM, Info: Saving project information...
2019-09-27 1:18:13 PM, Info: Validating assembly C:\Users\aknous\PROJECTS\Wharton\SLN404-ClassroomOSv4\SLN404-CLS.Plugins\LutronQuantum.EPI\PDT.LutronQuantum.EPI\bin\Debug\PDT.LutronQuantum.EPI.dll...
2019-09-27 1:18:13 PM, Info: Verifying assembly C:\Users\aknous\PROJECTS\Wharton\SLN404-ClassroomOSv4\SLN404-CLS.Plugins\LutronQuantum.EPI\PDT.LutronQuantum.EPI\bin\Debug\PDT.LutronQuantum.EPI.dll
2019-09-27 1:18:13 PM, Info: Creating Archive C:\Users\aknous\PROJECTS\Wharton\SLN404-ClassroomOSv4\SLN404-CLS.Plugins\LutronQuantum.EPI\PDT.LutronQuantum.EPI\bin\Debug\PDT.LutronQuantum.EPI.cplz...
2019-09-27 1:18:14 PM, Info: Saving project information...
2019-09-27 3:12:46 PM, Info: Validating assembly C:\Users\aknous\PROJECTS\Wharton\SLN404-ClassroomOSv4\SLN404-CLS.Plugins\LutronQuantum.EPI\PDT.LutronQuantum.EPI\bin\Debug\PDT.LutronQuantum.EPI.dll...
2019-09-27 3:12:46 PM, Info: Verifying assembly C:\Users\aknous\PROJECTS\Wharton\SLN404-ClassroomOSv4\SLN404-CLS.Plugins\LutronQuantum.EPI\PDT.LutronQuantum.EPI\bin\Debug\PDT.LutronQuantum.EPI.dll
2019-09-27 3:12:46 PM, Info: Creating Archive C:\Users\aknous\PROJECTS\Wharton\SLN404-ClassroomOSv4\SLN404-CLS.Plugins\LutronQuantum.EPI\PDT.LutronQuantum.EPI\bin\Debug\PDT.LutronQuantum.EPI.cplz...
2019-09-27 3:12:47 PM, Info: Saving project information...
2019-09-27 3:40:39 PM, Info: Validating assembly C:\Users\aknous\PROJECTS\Wharton\SLN404-ClassroomOSv4\SLN404-CLS.Plugins\LutronQuantum.EPI\PDT.LutronQuantum.EPI\bin\Debug\PDT.LutronQuantum.EPI.dll...
2019-09-27 3:40:39 PM, Info: Verifying assembly C:\Users\aknous\PROJECTS\Wharton\SLN404-ClassroomOSv4\SLN404-CLS.Plugins\LutronQuantum.EPI\PDT.LutronQuantum.EPI\bin\Debug\PDT.LutronQuantum.EPI.dll
2019-09-27 3:40:39 PM, Info: Creating Archive C:\Users\aknous\PROJECTS\Wharton\SLN404-ClassroomOSv4\SLN404-CLS.Plugins\LutronQuantum.EPI\PDT.LutronQuantum.EPI\bin\Debug\PDT.LutronQuantum.EPI.cplz...
2019-09-27 3:40:40 PM, Info: Saving project information...
2019-09-30 8:34:14 AM, Info: Terminating SIMPLSharp Services
